[2017-10-20 16:06:11] server.ERROR: PDOException: SQLSTATE[HY000] [1045] Access denied for user ''@'localhost' (using password: NO) in /home/php/socialite/vendor/laravel/framework/src/Illuminate/Database/Connectors/Connector.php:55
Stack trace:
#0 /home/php/socialite/vendor/laravel/framework/src/Illuminate/Database/Connectors/Connector.php(55): PDO->__construct('mysql:host=loca...', '', '', Array)
#1 /home/php/socialite/vendor/laravel/framework/src/Illuminate/Database/Connectors/MySqlConnector.php(24): Illuminate\Database\Connectors\Connector->createConnection('mysql:host=loca...', Array, Array)
#2 /home/php/socialite/vendor/laravel/framework/src/Illuminate/Database/Connectors/ConnectionFactory.php(61): Illuminate\Database\Connectors\MySqlConnector->connect(Array)
#3 [internal function]: Illuminate\Database\Connectors\ConnectionFactory->Illuminate\Database\Connectors\{closure}()
#4 /home/php/socialite/vendor/laravel/framework/src/Illuminate/Database/Connection.php(924): call_user_func(Object(Closure))
#5 /home/php/socialite/vendor/laravel/framework/src/Illuminate/Database/Connection.php(792): Illuminate\Database\Connection->getPdo()
#6 /home/php/socialite/vendor/laravel/framework/src/Illuminate/Database/Connection.php(677): Illuminate\Database\Connection->reconnectIfMissingConnection()
#7 /home/php/socialite/vendor/laravel/framework/src/Illuminate/Database/Connection.php(349): Illuminate\Database\Connection->run('select * from i...', Array, Object(Closure))
#8 /home/php/socialite/vendor/laravel/framework/src/Illuminate/Database/Schema/MySqlBuilder.php(21): Illuminate\Database\Connection->select('select * from i...', Array)
#9 /home/php/socialite/vendor/laravel/framework/src/Illuminate/Support/Facades/Facade.php(217): Illuminate\Database\Schema\MySqlBuilder->hasTable('settings')
#10 /home/php/socialite/app/Setting.php(68): Illuminate\Support\Facades\Facade::__callStatic('hasTable', Array)
#11 /home/php/socialite/app/Providers/AppServiceProvider.php(27): App\Setting::get('language', 'en')
#12 [internal function]: App\Providers\AppServiceProvider->boot(Object(Illuminate\Auth\SessionGuard))
#13 /home/php/socialite/vendor/laravel/framework/src/Illuminate/Container/Container.php(507): call_user_func_array(Array, Array)
#14 /home/php/socialite/vendor/laravel/framework/src/Illuminate/Foundation/Application.php(757): Illuminate\Container\Container->call(Array)
#15 /home/php/socialite/vendor/laravel/framework/src/Illuminate/Foundation/Application.php(740): Illuminate\Foundation\Application->bootProvider(Object(App\Providers\AppServiceProvider))
#16 [internal function]: Illuminate\Foundation\Application->Illuminate\Foundation\{closure}(Object(App\Providers\AppServiceProvider), 11)
#17 /home/php/socialite/vendor/laravel/framework/src/Illuminate/Foundation/Application.php(741): array_walk(Array, Object(Closure))
#18 /home/php/socialite/vendor/laravel/framework/src/Illuminate/Foundation/Bootstrap/BootProviders.php(17): Illuminate\Foundation\Application->boot()
#19 /home/php/socialite/vendor/laravel/framework/src/Illuminate/Foundation/Application.php(203): Illuminate\Foundation\Bootstrap\BootProviders->bootstrap(Object(Illuminate\Foundation\Application))
#20 /home/php/socialite/vendor/laravel/framework/src/Illuminate/Foundation/Console/Kernel.php(219): Illuminate\Foundation\Application->bootstrapWith(Array)
#21 /home/php/socialite/vendor/laravel/framework/src/Illuminate/Foundation/Console/Kernel.php(105): Illuminate\Foundation\Console\Kernel->bootstrap()
#22 /home/php/socialite/artisan(35): Illuminate\Foundation\Console\Kernel->handle(Object(Symfony\Component\Console\Input\ArgvInput), Object(Symfony\Component\Console\Output\ConsoleOutput))
#23 {main}  
